# JRE version: OpenJDK Runtime Environment (8.0_162-b12) (build 1.8.0_162-b12)
# Java VM: OpenJDK 64-Bit Server VM (25.162-b12 mixed mode linux-amd64 compressed oops)
Heap:
 PSYoungGen      total 261120K, used 11558K [0x00000000d6c00000, 0x00000000e8e00000, 0x0000000100000000)
  eden space 248832K, 0% used [0x00000000d6c00000,0x00000000d6c00000,0x00000000e5f00000)
  from space 12288K, 94% used [0x00000000e8200000,0x00000000e8d49b40,0x00000000e8e00000)
  to   space 9216K, 0% used [0x00000000e5f00000,0x00000000e5f00000,0x00000000e6800000)
 ParOldGen       total 60416K, used 17566K [0x0000000084400000, 0x0000000087f00000, 0x00000000d6c00000)
  object space 60416K, 29% used [0x0000000084400000,0x0000000085527be0,0x0000000087f00000)
 Metaspace       used 26827K, capacity 28752K, committed 29056K, reserved 1071104K
  class space    used 5839K, capacity 6471K, committed 6528K, reserved 1048576K
GC Heap History (10 events):
Event: 2,191 GC heap after
Heap after GC invocations=4 (full 0):
 PSYoungGen      total 132096K, used 5088K [0x00000000d6c00000, 0x00000000df200000, 0x0000000100000000)
  eden space 126976K, 0% used [0x00000000d6c00000,0x00000000d6c00000,0x00000000de800000)
  from space 5120K, 99% used [0x00000000ded00000,0x00000000df1f8030,0x00000000df200000)
  to   space 5120K, 0% used [0x00000000de800000,0x00000000de800000,0x00000000ded00000)
 ParOldGen       total 84992K, used 4657K [0x0000000084400000, 0x0000000089700000, 0x00000000d6c00000)
  object space 84992K, 5% used [0x0000000084400000,0x000000008488c678,0x0000000089700000)
 Metaspace       used 18057K, capacity 18928K, committed 19200K, reserved 1064960K
  class space    used 3484K, capacity 3780K, committed 3840K, reserved 1048576K
}
Event: 2,571 GC heap before
{Heap before GC invocations=5 (full 0):
 PSYoungGen      total 132096K, used 38450K [0x00000000d6c00000, 0x00000000df200000, 0x0000000100000000)
  eden space 126976K, 26% used [0x00000000d6c00000,0x00000000d8c94b90,0x00000000de800000)
  from space 5120K, 99% used [0x00000000ded00000,0x00000000df1f8030,0x00000000df200000)
  to   space 5120K, 0% used [0x00000000de800000,0x00000000de800000,0x00000000ded00000)
 ParOldGen       total 84992K, used 4657K [0x0000000084400000, 0x0000000089700000, 0x00000000d6c00000)
  object space 84992K, 5% used [0x0000000084400000,0x000000008488c678,0x0000000089700000)
 Metaspace       used 20278K, capacity 21212K, committed 21248K, reserved 1067008K
  class space    used 4029K, capacity 4326K, committed 4352K, reserved 1048576K
Event: 2,582 GC heap after
Heap after GC invocations=5 (full 0):
 PSYoungGen      total 132096K, used 5088K [0x00000000d6c00000, 0x00000000e7100000, 0x0000000100000000)
  eden space 126976K, 0% used [0x00000000d6c00000,0x00000000d6c00000,0x00000000de800000)
  from space 5120K, 99% used [0x00000000de800000,0x00000000decf8020,0x00000000ded00000)
  to   space 6656K, 0% used [0x00000000e6a80000,0x00000000e6a80000,0x00000000e7100000)
 ParOldGen       total 84992K, used 5907K [0x0000000084400000, 0x0000000089700000, 0x00000000d6c00000)
  object space 84992K, 6% used [0x0000000084400000,0x00000000849c4ed8,0x0000000089700000)
 Metaspace       used 20278K, capacity 21212K, committed 21248K, reserved 1067008K
  class space    used 4029K, capacity 4326K, committed 4352K, reserved 1048576K
}
Event: 2,582 GC heap before
{Heap before GC invocations=6 (full 1):
 PSYoungGen      total 132096K, used 5088K [0x00000000d6c00000, 0x00000000e7100000, 0x0000000100000000)
  eden space 126976K, 0% used [0x00000000d6c00000,0x00000000d6c00000,0x00000000de800000)
  from space 5120K, 99% used [0x00000000de800000,0x00000000decf8020,0x00000000ded00000)
  to   space 6656K, 0% used [0x00000000e6a80000,0x00000000e6a80000,0x00000000e7100000)
 ParOldGen       total 84992K, used 5907K [0x0000000084400000, 0x0000000089700000, 0x00000000d6c00000)
  object space 84992K, 6% used [0x0000000084400000,0x00000000849c4ed8,0x0000000089700000)
 Metaspace       used 20278K, capacity 21212K, committed 21248K, reserved 1067008K
  class space    used 4029K, capacity 4326K, committed 4352K, reserved 1048576K
Event: 2,679 GC heap after
Heap after GC invocations=6 (full 1):
 PSYoungGen      total 132096K, used 0K [0x00000000d6c00000, 0x00000000e7100000, 0x0000000100000000)
  eden space 126976K, 0% used [0x00000000d6c00000,0x00000000d6c00000,0x00000000de800000)
  from space 5120K, 0% used [0x00000000de800000,0x00000000de800000,0x00000000ded00000)
  to   space 6656K, 0% used [0x00000000e6a80000,0x00000000e6a80000,0x00000000e7100000)
 ParOldGen       total 60416K, used 8982K [0x0000000084400000, 0x0000000087f00000, 0x00000000d6c00000)
  object space 60416K, 14% used [0x0000000084400000,0x0000000084cc5ae0,0x0000000087f00000)
 Metaspace       used 20278K, capacity 21212K, committed 21248K, reserved 1067008K
  class space    used 4029K, capacity 4326K, committed 4352K, reserved 1048576K
}
Event: 3,227 GC heap before
{Heap before GC invocations=7 (full 1):
 PSYoungGen      total 132096K, used 126976K [0x00000000d6c00000, 0x00000000e7100000, 0x0000000100000000)
  eden space 126976K, 100% used [0x00000000d6c00000,0x00000000de800000,0x00000000de800000)
  from space 5120K, 0% used [0x00000000de800000,0x00000000de800000,0x00000000ded00000)
  to   space 6656K, 0% used [0x00000000e6a80000,0x00000000e6a80000,0x00000000e7100000)
 ParOldGen       total 60416K, used 8982K [0x0000000084400000, 0x0000000087f00000, 0x00000000d6c00000)
  object space 60416K, 14% used [0x0000000084400000,0x0000000084cc5ae0,0x0000000087f00000)
 Metaspace       used 23602K, capacity 24616K, committed 24704K, reserved 1069056K
  class space    used 4843K, capacity 5166K, committed 5248K, reserved 1048576K
Event: 3,242 GC heap after
Heap after GC invocations=7 (full 1):
 PSYoungGen      total 187904K, used 6656K [0x00000000d6c00000, 0x00000000e7100000, 0x0000000100000000)
  eden space 181248K, 0% used [0x00000000d6c00000,0x00000000d6c00000,0x00000000e1d00000)
  from space 6656K, 100% used [0x00000000e6a80000,0x00000000e7100000,0x00000000e7100000)
  to   space 9216K, 0% used [0x00000000e5f00000,0x00000000e5f00000,0x00000000e6800000)
 ParOldGen       total 60416K, used 12614K [0x0000000084400000, 0x0000000087f00000, 0x00000000d6c00000)
  object space 60416K, 20% used [0x0000000084400000,0x0000000085051be0,0x0000000087f00000)
 Metaspace       used 23602K, capacity 24616K, committed 24704K, reserved 1069056K
  class space    used 4843K, capacity 5166K, committed 5248K, reserved 1048576K
}
Event: 3,665 GC heap before
{Heap before GC invocations=8 (full 1):
 PSYoungGen      total 187904K, used 187904K [0x00000000d6c00000, 0x00000000e7100000, 0x0000000100000000)
  eden space 181248K, 100% used [0x00000000d6c00000,0x00000000e1d00000,0x00000000e1d00000)
  from space 6656K, 100% used [0x00000000e6a80000,0x00000000e7100000,0x00000000e7100000)
  to   space 9216K, 0% used [0x00000000e5f00000,0x00000000e5f00000,0x00000000e6800000)
 ParOldGen       total 60416K, used 12614K [0x0000000084400000, 0x0000000087f00000, 0x00000000d6c00000)
  object space 60416K, 20% used [0x0000000084400000,0x0000000085051be0,0x0000000087f00000)
 Metaspace       used 23608K, capacity 24616K, committed 24704K, reserved 1069056K
  class space    used 4843K, capacity 5166K, committed 5248K, reserved 1048576K
Event: 3,694 GC heap after
Heap after GC invocations=8 (full 1):
 PSYoungGen      total 258048K, used 9216K [0x00000000d6c00000, 0x00000000e8e00000, 0x0000000100000000)
  eden space 248832K, 0% used [0x00000000d6c00000,0x00000000d6c00000,0x00000000e5f00000)
  from space 9216K, 100% used [0x00000000e5f00000,0x00000000e6800000,0x00000000e6800000)
  to   space 12288K, 0% used [0x00000000e8200000,0x00000000e8200000,0x00000000e8e00000)
 ParOldGen       total 60416K, used 17558K [0x0000000084400000, 0x0000000087f00000, 0x00000000d6c00000)
  object space 60416K, 29% used [0x0000000084400000,0x0000000085525be0,0x0000000087f00000)
 Metaspace       used 23608K, capacity 24616K, committed 24704K, reserved 1069056K
  class space    used 4843K, capacity 5166K, committed 5248K, reserved 1048576K
}
Event: 7,348 GC heap before
{Heap before GC invocations=9 (full 1):
 PSYoungGen      total 258048K, used 258048K [0x00000000d6c00000, 0x00000000e8e00000, 0x0000000100000000)
  eden space 248832K, 100% used [0x00000000d6c00000,0x00000000e5f00000,0x00000000e5f00000)
  from space 9216K, 100% used [0x00000000e5f00000,0x00000000e6800000,0x00000000e6800000)
  to   space 12288K, 0% used [0x00000000e8200000,0x00000000e8200000,0x00000000e8e00000)
 ParOldGen       total 60416K, used 17558K [0x0000000084400000, 0x0000000087f00000, 0x00000000d6c00000)
  object space 60416K, 29% used [0x0000000084400000,0x0000000085525be0,0x0000000087f00000)
 Metaspace       used 26827K, capacity 28752K, committed 29056K, reserved 1071104K
  class space    used 5839K, capacity 6471K, committed 6528K, reserved 1048576K

