# JRE version: OpenJDK Runtime Environment (8.0_162-b12) (build 1.8.0_162-b12)
# Java VM: OpenJDK 64-Bit Server VM (25.162-b12 mixed mode linux-amd64 compressed oops)
Heap:
 PSYoungGen      total 347136K, used 0K [0x00000000d6c00000, 0x00000000f4080000, 0x0000000100000000)
  eden space 332800K, 0% used [0x00000000d6c00000,0x00000000d6c00000,0x00000000eb100000)
  from space 14336K, 0% used [0x00000000eb100000,0x00000000eb100000,0x00000000ebf00000)
  to   space 18432K, 0% used [0x00000000f2e80000,0x00000000f2e80000,0x00000000f4080000)
 ParOldGen       total 55296K, used 34666K [0x0000000084400000, 0x0000000087a00000, 0x00000000d6c00000)
  object space 55296K, 62% used [0x0000000084400000,0x00000000865da9d0,0x0000000087a00000)
 Metaspace       used 31386K, capacity 35310K, committed 35416K, reserved 1077248K
  class space    used 7276K, capacity 8637K, committed 8704K, reserved 1048576K
GC Heap History (10 events):
Event: 2,776 GC heap after
Heap after GC invocations=6 (full 1):
 PSYoungGen      total 132096K, used 0K [0x00000000d6c00000, 0x00000000e7200000, 0x0000000100000000)
  eden space 126976K, 0% used [0x00000000d6c00000,0x00000000d6c00000,0x00000000de800000)
  from space 5120K, 0% used [0x00000000de800000,0x00000000de800000,0x00000000ded00000)
  to   space 7168K, 0% used [0x00000000e6b00000,0x00000000e6b00000,0x00000000e7200000)
 ParOldGen       total 55296K, used 8696K [0x0000000084400000, 0x0000000087a00000, 0x00000000d6c00000)
  object space 55296K, 15% used [0x0000000084400000,0x0000000084c7e368,0x0000000087a00000)
 Metaspace       used 20264K, capacity 21212K, committed 21248K, reserved 1067008K
  class space    used 4015K, capacity 4326K, committed 4352K, reserved 1048576K
}
Event: 3,122 GC heap before
{Heap before GC invocations=7 (full 1):
 PSYoungGen      total 132096K, used 126976K [0x00000000d6c00000, 0x00000000e7200000, 0x0000000100000000)
  eden space 126976K, 100% used [0x00000000d6c00000,0x00000000de800000,0x00000000de800000)
  from space 5120K, 0% used [0x00000000de800000,0x00000000de800000,0x00000000ded00000)
  to   space 7168K, 0% used [0x00000000e6b00000,0x00000000e6b00000,0x00000000e7200000)
 ParOldGen       total 55296K, used 8696K [0x0000000084400000, 0x0000000087a00000, 0x00000000d6c00000)
  object space 55296K, 15% used [0x0000000084400000,0x0000000084c7e368,0x0000000087a00000)
 Metaspace       used 23409K, capacity 24392K, committed 24576K, reserved 1069056K
  class space    used 4772K, capacity 5070K, committed 5120K, reserved 1048576K
Event: 3,140 GC heap after
Heap after GC invocations=7 (full 1):
 PSYoungGen      total 213504K, used 7168K [0x00000000d6c00000, 0x00000000e7200000, 0x0000000100000000)
  eden space 206336K, 0% used [0x00000000d6c00000,0x00000000d6c00000,0x00000000e3580000)
  from space 7168K, 100% used [0x00000000e6b00000,0x00000000e7200000,0x00000000e7200000)
  to   space 9728K, 0% used [0x00000000e5f00000,0x00000000e5f00000,0x00000000e6880000)
 ParOldGen       total 55296K, used 12753K [0x0000000084400000, 0x0000000087a00000, 0x00000000d6c00000)
  object space 55296K, 23% used [0x0000000084400000,0x0000000085074468,0x0000000087a00000)
 Metaspace       used 23409K, capacity 24392K, committed 24576K, reserved 1069056K
  class space    used 4772K, capacity 5070K, committed 5120K, reserved 1048576K
}
Event: 3,648 GC heap before
{Heap before GC invocations=8 (full 1):
 PSYoungGen      total 213504K, used 213504K [0x00000000d6c00000, 0x00000000e7200000, 0x0000000100000000)
  eden space 206336K, 100% used [0x00000000d6c00000,0x00000000e3580000,0x00000000e3580000)
  from space 7168K, 100% used [0x00000000e6b00000,0x00000000e7200000,0x00000000e7200000)
  to   space 9728K, 0% used [0x00000000e5f00000,0x00000000e5f00000,0x00000000e6880000)
 ParOldGen       total 55296K, used 12753K [0x0000000084400000, 0x0000000087a00000, 0x00000000d6c00000)
  object space 55296K, 23% used [0x0000000084400000,0x0000000085074468,0x0000000087a00000)
 Metaspace       used 23659K, capacity 24680K, committed 24960K, reserved 1069056K
  class space    used 4845K, capacity 5166K, committed 5248K, reserved 1048576K
Event: 3,664 GC heap after
Heap after GC invocations=8 (full 1):
 PSYoungGen      total 258560K, used 9728K [0x00000000d6c00000, 0x00000000ecb80000, 0x0000000100000000)
  eden space 248832K, 0% used [0x00000000d6c00000,0x00000000d6c00000,0x00000000e5f00000)
  from space 9728K, 100% used [0x00000000e5f00000,0x00000000e6880000,0x00000000e6880000)
  to   space 12800K, 0% used [0x00000000ebf00000,0x00000000ebf00000,0x00000000ecb80000)
 ParOldGen       total 55296K, used 17249K [0x0000000084400000, 0x0000000087a00000, 0x00000000d6c00000)
  object space 55296K, 31% used [0x0000000084400000,0x00000000854d8468,0x0000000087a00000)
 Metaspace       used 23659K, capacity 24680K, committed 24960K, reserved 1069056K
  class space    used 4845K, capacity 5166K, committed 5248K, reserved 1048576K
}
Event: 4,969 GC heap before
{Heap before GC invocations=9 (full 1):
 PSYoungGen      total 258560K, used 258560K [0x00000000d6c00000, 0x00000000ecb80000, 0x0000000100000000)
  eden space 248832K, 100% used [0x00000000d6c00000,0x00000000e5f00000,0x00000000e5f00000)
  from space 9728K, 100% used [0x00000000e5f00000,0x00000000e6880000,0x00000000e6880000)
  to   space 12800K, 0% used [0x00000000ebf00000,0x00000000ebf00000,0x00000000ecb80000)
 ParOldGen       total 55296K, used 17249K [0x0000000084400000, 0x0000000087a00000, 0x00000000d6c00000)
  object space 55296K, 31% used [0x0000000084400000,0x00000000854d8468,0x0000000087a00000)
 Metaspace       used 27461K, capacity 29766K, committed 29824K, reserved 1073152K
  class space    used 6014K, capacity 6777K, committed 6784K, reserved 1048576K
Event: 4,988 GC heap after
Heap after GC invocations=9 (full 1):
 PSYoungGen      total 345600K, used 12540K [0x00000000d6c00000, 0x00000000f0880000, 0x0000000100000000)
  eden space 332800K, 0% used [0x00000000d6c00000,0x00000000d6c00000,0x00000000eb100000)
  from space 12800K, 97% used [0x00000000ebf00000,0x00000000ecb3f350,0x00000000ecb80000)
  to   space 14336K, 0% used [0x00000000eb100000,0x00000000eb100000,0x00000000ebf00000)
 ParOldGen       total 55296K, used 17257K [0x0000000084400000, 0x0000000087a00000, 0x00000000d6c00000)
  object space 55296K, 31% used [0x0000000084400000,0x00000000854da468,0x0000000087a00000)
 Metaspace       used 27461K, capacity 29766K, committed 29824K, reserved 1073152K
  class space    used 6014K, capacity 6777K, committed 6784K, reserved 1048576K
}
Event: 6,668 GC heap before
{Heap before GC invocations=10 (full 1):
 PSYoungGen      total 345600K, used 320986K [0x00000000d6c00000, 0x00000000f0880000, 0x0000000100000000)
  eden space 332800K, 92% used [0x00000000d6c00000,0x00000000e9937530,0x00000000eb100000)
  from space 12800K, 97% used [0x00000000ebf00000,0x00000000ecb3f350,0x00000000ecb80000)
  to   space 14336K, 0% used [0x00000000eb100000,0x00000000eb100000,0x00000000ebf00000)
 ParOldGen       total 55296K, used 17257K [0x0000000084400000, 0x0000000087a00000, 0x00000000d6c00000)
  object space 55296K, 31% used [0x0000000084400000,0x00000000854da468,0x0000000087a00000)
 Metaspace       used 31386K, capacity 35310K, committed 35416K, reserved 1077248K
  class space    used 7276K, capacity 8637K, committed 8704K, reserved 1048576K
Event: 6,698 GC heap after
Heap after GC invocations=10 (full 1):
 PSYoungGen      total 347136K, used 14321K [0x00000000d6c00000, 0x00000000f4080000, 0x0000000100000000)
  eden space 332800K, 0% used [0x00000000d6c00000,0x00000000d6c00000,0x00000000eb100000)
  from space 14336K, 99% used [0x00000000eb100000,0x00000000ebefc468,0x00000000ebf00000)
  to   space 18432K, 0% used [0x00000000f2e80000,0x00000000f2e80000,0x00000000f4080000)
 ParOldGen       total 55296K, used 23782K [0x0000000084400000, 0x0000000087a00000, 0x00000000d6c00000)
  object space 55296K, 43% used [0x0000000084400000,0x0000000085b39b90,0x0000000087a00000)
 Metaspace       used 31386K, capacity 35310K, committed 35416K, reserved 1077248K
  class space    used 7276K, capacity 8637K, committed 8704K, reserved 1048576K
}
Event: 6,698 GC heap before
{Heap before GC invocations=11 (full 2):
 PSYoungGen      total 347136K, used 14321K [0x00000000d6c00000, 0x00000000f4080000, 0x0000000100000000)
  eden space 332800K, 0% used [0x00000000d6c00000,0x00000000d6c00000,0x00000000eb100000)
  from space 14336K, 99% used [0x00000000eb100000,0x00000000ebefc468,0x00000000ebf00000)
  to   space 18432K, 0% used [0x00000000f2e80000,0x00000000f2e80000,0x00000000f4080000)
 ParOldGen       total 55296K, used 23782K [0x0000000084400000, 0x0000000087a00000, 0x00000000d6c00000)
  object space 55296K, 43% used [0x0000000084400000,0x0000000085b39b90,0x0000000087a00000)
 Metaspace       used 31386K, capacity 35310K, committed 35416K, reserved 1077248K
  class space    used 7276K, capacity 8637K, committed 8704K, reserved 1048576K

